/*C4*/SET SCHEMA PUBLIC
DISCONNECT
/*C5*/SET SCHEMA PUBLIC
INSERT INTO SPORT VALUES('402881a58e625e8f018e6271f2ee0000','Football')
COMMIT
INSERT INTO REGLE VALUES('402881a58e625e8f018e6275443b0001','deux mi-temps','402881a58e625e8f018e6271f2ee0000')
COMMIT
INSERT INTO PARIEUR VALUES('402881a58e625e8f018e62764e540002',122332828.00,'fleur',NULL,'ng0@gmail.com','azerty')
COMMIT
INSERT INTO EVENTSPORTIF VALUES('402881a58e625e8f018e627bf88f0003',56677.0E0,'2024-03-14',90,'match entre baca et liverpool bient\u00f4t','24','402881a58e625e8f018e6271f2ee0000')
COMMIT
INSERT INTO PARI VALUES('PariAvance','402881a58e625e8f018e62816cd30004',90.0E0,233344.0E0,'Victoire du baca','baca',NULL,'2','victoire baca','402881a58e625e8f018e627bf88f0003','402881a58e625e8f018e62764e540002')
COMMIT
INSERT INTO PARI VALUES('PariSimple','402881a58e625e8f018e628251360005',90.0E0,2333.0E0,'victoire baca','baca','victoire du baca',NULL,NULL,'402881a58e625e8f018e627bf88f0003','402881a58e625e8f018e62764e540002')
COMMIT
DELETE FROM PARI WHERE ID='402881a58e625e8f018e628251360005'
COMMIT
DELETE FROM PARI WHERE ID='402881a58e625e8f018e62816cd30004'
INSERT INTO PARI VALUES('PariAvance','402881a58e625e8f018e62816cd30004',90.0E0,233300.0E0,'Victoire du baca','baca',NULL,'2','victoire baca','402881a58e625e8f018e627bf88f0003','402881a58e625e8f018e62764e540002')
COMMIT
INSERT INTO SPORT VALUES('402881a58e625e8f018e62839e240006','tennis')
COMMIT
INSERT INTO SPORT VALUES('402881a58e625e8f018e628d9da00007','BasketBall')
COMMIT
DELETE FROM REGLE WHERE ID='402881a58e625e8f018e6275443b0001'
COMMIT
DELETE FROM PARI WHERE ID='402881a58e625e8f018e62816cd30004'
COMMIT
DELETE FROM PARIEUR WHERE ID='402881a58e625e8f018e62764e540002'
COMMIT
DELETE FROM EVENTSPORTIF WHERE ID='402881a58e625e8f018e627bf88f0003'
COMMIT
DELETE FROM SPORT WHERE ID='402881a58e625e8f018e6271f2ee0000'
COMMIT
INSERT INTO SPORT VALUES('402881a58e625e8f018e6290169e0008','Football')
COMMIT
INSERT INTO REGLE VALUES('402881a58e625e8f018e62907ba10009','deux mi-temps','402881a58e625e8f018e6290169e0008')
COMMIT
INSERT INTO EVENTSPORTIF VALUES('402881a58e625e8f018e62918801000a',10.0E0,'2024-03-13',90,'match entre le baca et le Liverpool','4-1','402881a58e625e8f018e6290169e0008')
COMMIT
DELETE FROM REGLE WHERE ID='402881a58e625e8f018e62907ba10009'
COMMIT
DELETE FROM EVENTSPORTIF WHERE ID='402881a58e625e8f018e62918801000a'
COMMIT
DELETE FROM SPORT WHERE ID='402881a58e625e8f018e6290169e0008'
COMMIT
INSERT INTO SPORT VALUES('402881a58e625e8f018e62958d4c000b','Football')
COMMIT
INSERT INTO REGLE VALUES('402881a58e625e8f018e6295efb8000c','deux mi-temps','402881a58e625e8f018e62958d4c000b')
COMMIT
INSERT INTO EVENTSPORTIF VALUES('402881a58e625e8f018e62974676000d',10.0E0,'2024-05-16',90,'match entre le baca et Liverpool','5-8','402881a58e625e8f018e62958d4c000b')
COMMIT
DELETE FROM EVENTSPORTIF WHERE ID='402881a58e625e8f018e62974676000d'
COMMIT
DELETE FROM REGLE WHERE ID='402881a58e625e8f018e6295efb8000c'
COMMIT
DELETE FROM SPORT WHERE ID='402881a58e625e8f018e62958d4c000b'
COMMIT
INSERT INTO SPORT VALUES('402881a58e625e8f018e629a27a7000e','Football')
COMMIT
INSERT INTO REGLE VALUES('402881a58e625e8f018e629a6b18000f','deux mi-temps','402881a58e625e8f018e629a27a7000e')
COMMIT
INSERT INTO EVENTSPORTIF VALUES('402881a58e625e8f018e629b29020010',10.0E0,'2024-04-04',90,'match entre baca et liverpool','5-1','402881a58e625e8f018e629a27a7000e')
COMMIT
INSERT INTO PARIEUR VALUES('402881a58e625e8f018e629bd3b80011',100000.00,'Fleur',NULL,'ng@pari.com','azert')
COMMIT
INSERT INTO PARI VALUES('PariAvance','402881a58e625e8f018e629e5f960012',90.0E0,1000.0E0,'victoire de baca','baca',NULL,'3','victoire de baca','402881a58e625e8f018e629b29020010','402881a58e625e8f018e629bd3b80011')
COMMIT
DELETE FROM PARI WHERE ID='402881a58e625e8f018e629e5f960012'
COMMIT
DELETE FROM EVENTSPORTIF WHERE ID='402881a58e625e8f018e629b29020010'
COMMIT
DELETE FROM PARIEUR WHERE ID='402881a58e625e8f018e629bd3b80011'
COMMIT
DELETE FROM REGLE WHERE ID='402881a58e625e8f018e629a6b18000f'
COMMIT
DELETE FROM SPORT WHERE ID='402881a58e625e8f018e629a27a7000e'
COMMIT
INSERT INTO EVENTSPORTIF VALUES('402881a58e625e8f018e62a292120013',76.0E0,'2024-03-07',90,'HGFK','48627','402881a58e625e8f018e628d9da00007')
COMMIT
INSERT INTO SPORT VALUES('402881a58e625e8f018e62a7d4ca0014','Football')
COMMIT
INSERT INTO REGLE VALUES('402881a58e625e8f018e62a835870015','deux mi-temps','402881a58e625e8f018e62a7d4ca0014')
COMMIT
INSERT INTO EVENTSPORTIF VALUES('402881a58e625e8f018e62a9007d0016',10.0E0,'2024-04-11',90,'match entre le baca et liverpool','4-1','402881a58e625e8f018e62a7d4ca0014')
COMMIT
INSERT INTO PARIEUR VALUES('402881a58e625e8f018e62a98f800017',20000.00,'fleur',NULL,'ng@pari.com','azerty')
COMMIT
INSERT INTO PARI VALUES('PariSimple','402881a58e625e8f018e62aa83ec0018',90.0E0,2000000.0E0,'victoire baca','baca','victoire baca',NULL,NULL,'402881a58e625e8f018e62a9007d0016','402881a58e625e8f018e62a98f800017')
COMMIT
INSERT INTO PARI VALUES('PariAvance','402881a58e625e8f018e62ab4cd70019',90.0E0,10000.0E0,'victoire baca','baca',NULL,'3','victoire baca','402881a58e625e8f018e62a9007d0016','402881a58e625e8f018e62a98f800017')
COMMIT
DELETE FROM PARI WHERE ID='402881a58e625e8f018e62aa83ec0018'
COMMIT
DELETE FROM REGLE WHERE ID='402881a58e625e8f018e62a835870015'
INSERT INTO REGLE VALUES('402881a58e625e8f018e62a835870015','deux mi-temps et vainqueur','402881a58e625e8f018e62a7d4ca0014')
COMMIT
DELETE FROM EVENTSPORTIF WHERE ID='402881a58e625e8f018e62a292120013'
COMMIT
